[0.569s] Invoking command in '/home/parallels/ackerman/build/bridge2ros': PYTHONPATH=/home/parallels/ackerman/build/bridge2ros/prefix_override:/usr/lib/python3/dist-packages/colcon_core/task/python/colcon_distutils_commands:/home/parallels/ackerman/install/bridge2ros/lib/python3.10/site-packages:${PYTHONPATH} /usr/bin/python3 -W ignore:setup.py install is deprecated setup.py develop --editable --build-directory /home/parallels/ackerman/build/bridge2ros/build --no-deps symlink_data
[0.806s] running develop
[0.964s] running egg_info
[0.964s] writing bridge2ros.egg-info/PKG-INFO
[0.964s] writing dependency_links to bridge2ros.egg-info/dependency_links.txt
[0.964s] writing entry points to bridge2ros.egg-info/entry_points.txt
[0.965s] writing requirements to bridge2ros.egg-info/requires.txt
[0.965s] writing top-level names to bridge2ros.egg-info/top_level.txt
[0.966s] reading manifest file 'bridge2ros.egg-info/SOURCES.txt'
[0.967s] writing manifest file 'bridge2ros.egg-info/SOURCES.txt'
[0.968s] running build_ext
[0.968s] Creating /home/parallels/ackerman/install/bridge2ros/lib/python3.10/site-packages/bridge2ros.egg-link (link to .)
[0.969s] Installing cbf script to /home/parallels/ackerman/install/bridge2ros/lib/bridge2ros
[0.969s] Installing shout script to /home/parallels/ackerman/install/bridge2ros/lib/bridge2ros
[0.970s] Installing test script to /home/parallels/ackerman/install/bridge2ros/lib/bridge2ros
[0.970s] Installing visual script to /home/parallels/ackerman/install/bridge2ros/lib/bridge2ros
[0.970s] 
[0.970s] Installed /home/parallels/ackerman/build/bridge2ros
[0.970s] running symlink_data
[0.999s] Invoked command in '/home/parallels/ackerman/build/bridge2ros' returned '0': PYTHONPATH=/home/parallels/ackerman/build/bridge2ros/prefix_override:/usr/lib/python3/dist-packages/colcon_core/task/python/colcon_distutils_commands:/home/parallels/ackerman/install/bridge2ros/lib/python3.10/site-packages:${PYTHONPATH} /usr/bin/python3 -W ignore:setup.py install is deprecated setup.py develop --editable --build-directory /home/parallels/ackerman/build/bridge2ros/build --no-deps symlink_data
