[0.541s] Invoking command in '/home/parallels/ackerman/build/bridge2ros': PYTHONPATH=/home/parallels/ackerman/build/bridge2ros/prefix_override:/usr/lib/python3/dist-packages/colcon_core/task/python/colcon_distutils_commands:/home/parallels/ackerman/install/bridge2ros/lib/python3.10/site-packages:${PYTHONPATH} /usr/bin/python3 -W ignore:setup.py install is deprecated setup.py develop --editable --build-directory /home/parallels/ackerman/build/bridge2ros/build --no-deps symlink_data
[0.770s] running develop
[0.917s] running egg_info
[0.917s] writing bridge2ros.egg-info/PKG-INFO
[0.917s] writing dependency_links to bridge2ros.egg-info/dependency_links.txt
[0.918s] writing entry points to bridge2ros.egg-info/entry_points.txt
[0.918s] writing requirements to bridge2ros.egg-info/requires.txt
[0.918s] writing top-level names to bridge2ros.egg-info/top_level.txt
[0.919s] reading manifest file 'bridge2ros.egg-info/SOURCES.txt'
[0.920s] writing manifest file 'bridge2ros.egg-info/SOURCES.txt'
[0.921s] running build_ext
[0.921s] Creating /home/parallels/ackerman/install/bridge2ros/lib/python3.10/site-packages/bridge2ros.egg-link (link to .)
[0.921s] Installing shout script to /home/parallels/ackerman/install/bridge2ros/lib/bridge2ros
[0.921s] Installing test script to /home/parallels/ackerman/install/bridge2ros/lib/bridge2ros
[0.922s] 
[0.922s] Installed /home/parallels/ackerman/build/bridge2ros
[0.922s] running symlink_data
[0.922s] creating /home/parallels/ackerman/install/bridge2ros/share/bridge2ros/launch
[0.922s] symbolically linking /home/parallels/ackerman/build/bridge2ros/launch/bridge_launch.launch.py -> /home/parallels/ackerman/install/bridge2ros/share/bridge2ros/launch
[0.945s] Invoked command in '/home/parallels/ackerman/build/bridge2ros' returned '0': PYTHONPATH=/home/parallels/ackerman/build/bridge2ros/prefix_override:/usr/lib/python3/dist-packages/colcon_core/task/python/colcon_distutils_commands:/home/parallels/ackerman/install/bridge2ros/lib/python3.10/site-packages:${PYTHONPATH} /usr/bin/python3 -W ignore:setup.py install is deprecated setup.py develop --editable --build-directory /home/parallels/ackerman/build/bridge2ros/build --no-deps symlink_data
