[0.276s] DEBUG:colcon:Command line arguments: ['/usr/bin/colcon', 'list', '-p', '--base-paths', '/home/parallels/ackerman']
[0.276s] DEBUG:colcon:Parsed command line arguments: Namespace(log_base=None, log_level=None, verb_name='list', build_base='build', ignore_user_meta=False, metas=['./colcon.meta'], base_paths=['/home/parallels/ackerman'], packages_ignore=None, packages_ignore_regex=None, paths=None, packages_up_to=None, packages_up_to_regex=None, packages_above=None, packages_above_and_dependencies=None, packages_above_depth=None, packages_select_by_dep=None, packages_skip_by_dep=None, packages_skip_up_to=None, packages_select_build_failed=False, packages_skip_build_finished=False, packages_select_test_failures=False, packages_skip_test_passed=False, packages_select=None, packages_skip=None, packages_select_regex=None, packages_skip_regex=None, packages_start=None, packages_end=None, allow_overriding=[], topological_order=False, names_only=False, paths_only=True, topological_graph=False, topological_graph_dot=False, topological_graph_density=False, topological_graph_legend=False, topological_graph_dot_cluster=False, topological_graph_dot_include_skipped=False, mixin_files=None, mixin=None, verb_parser=<colcon_mixin.mixin.mixin_argument.MixinArgumentDecorator object at 0xffff82bec310>, verb_extension=<colcon_package_information.verb.list.ListVerb object at 0xffff82ba7340>, main=<bound method ListVerb.main of <colcon_package_information.verb.list.ListVerb object at 0xffff82ba7340>>, mixin_verb=('list',))
[0.997s] Level 1:colcon.colcon_core.package_discovery:discover_packages(colcon_meta) check parameters
[0.997s] Level 1:colcon.colcon_core.package_discovery:discover_packages(recursive) check parameters
[0.997s] Level 1:colcon.colcon_core.package_discovery:discover_packages(ignore) check parameters
[0.997s] Level 1:colcon.colcon_core.package_discovery:discover_packages(path) check parameters
[0.997s] Level 1:colcon.colcon_core.package_discovery:discover_packages(recursive) discover
[0.997s] INFO:colcon.colcon_core.package_discovery:Crawling recursively for packages in '/home/parallels/ackerman'
[0.997s] Level 1:colcon.colcon_core.package_identification:_identify(/home/parallels/ackerman) by extensions ['ignore', 'ignore_ament_install']
[0.997s] Level 1:colcon.colcon_core.package_identification:_identify(/home/parallels/ackerman) by extension 'ignore'
[0.997s] Level 1:colcon.colcon_core.package_identification:_identify(/home/parallels/ackerman) by extension 'ignore_ament_install'
[0.997s] Level 1:colcon.colcon_core.package_identification:_identify(/home/parallels/ackerman) by extensions ['colcon_pkg']
[0.997s] Level 1:colcon.colcon_core.package_identification:_identify(/home/parallels/ackerman) by extension 'colcon_pkg'
[0.997s] Level 1:colcon.colcon_core.package_identification:_identify(/home/parallels/ackerman) by extensions ['colcon_meta']
[0.997s] Level 1:colcon.colcon_core.package_identification:_identify(/home/parallels/ackerman) by extension 'colcon_meta'
[0.997s] Level 1:colcon.colcon_core.package_identification:_identify(/home/parallels/ackerman) by extensions ['ros']
[0.998s] Level 1:colcon.colcon_core.package_identification:_identify(/home/parallels/ackerman) by extension 'ros'
[1.019s] Level 1:colcon.colcon_core.package_identification:_identify(/home/parallels/ackerman) by extensions ['cmake', 'python']
[1.019s] Level 1:colcon.colcon_core.package_identification:_identify(/home/parallels/ackerman) by extension 'cmake'
[1.019s] Level 1:colcon.colcon_core.package_identification:_identify(/home/parallels/ackerman) by extension 'python'
[1.019s] Level 1:colcon.colcon_core.package_identification:_identify(/home/parallels/ackerman) by extensions ['python_setup_py']
[1.019s] Level 1:colcon.colcon_core.package_identification:_identify(/home/parallels/ackerman) by extension 'python_setup_py'
[1.019s] Level 1:colcon.colcon_core.package_identification:_identify(/home/parallels/ackerman/build) by extensions ['ignore', 'ignore_ament_install']
[1.019s] Level 1:colcon.colcon_core.package_identification:_identify(/home/parallels/ackerman/build) by extension 'ignore'
[1.020s] Level 1:colcon.colcon_core.package_identification:_identify(/home/parallels/ackerman/build) ignored
[1.020s] Level 1:colcon.colcon_core.package_identification:_identify(/home/parallels/ackerman/install) by extensions ['ignore', 'ignore_ament_install']
[1.020s] Level 1:colcon.colcon_core.package_identification:_identify(/home/parallels/ackerman/install) by extension 'ignore'
[1.020s] Level 1:colcon.colcon_core.package_identification:_identify(/home/parallels/ackerman/install) ignored
[1.020s] Level 1:colcon.colcon_core.package_identification:_identify(/home/parallels/ackerman/log) by extensions ['ignore', 'ignore_ament_install']
[1.020s] Level 1:colcon.colcon_core.package_identification:_identify(/home/parallels/ackerman/log) by extension 'ignore'
[1.020s] Level 1:colcon.colcon_core.package_identification:_identify(/home/parallels/ackerman/log) ignored
[1.021s] Level 1:colcon.colcon_core.package_identification:_identify(/home/parallels/ackerman/src) by extensions ['ignore', 'ignore_ament_install']
[1.021s] Level 1:colcon.colcon_core.package_identification:_identify(/home/parallels/ackerman/src) by extension 'ignore'
[1.021s] Level 1:colcon.colcon_core.package_identification:_identify(/home/parallels/ackerman/src) by extension 'ignore_ament_install'
[1.021s] Level 1:colcon.colcon_core.package_identification:_identify(/home/parallels/ackerman/src) by extensions ['colcon_pkg']
[1.021s] Level 1:colcon.colcon_core.package_identification:_identify(/home/parallels/ackerman/src) by extension 'colcon_pkg'
[1.021s] Level 1:colcon.colcon_core.package_identification:_identify(/home/parallels/ackerman/src) by extensions ['colcon_meta']
[1.021s] Level 1:colcon.colcon_core.package_identification:_identify(/home/parallels/ackerman/src) by extension 'colcon_meta'
[1.021s] Level 1:colcon.colcon_core.package_identification:_identify(/home/parallels/ackerman/src) by extensions ['ros']
[1.021s] Level 1:colcon.colcon_core.package_identification:_identify(/home/parallels/ackerman/src) by extension 'ros'
[1.021s] Level 1:colcon.colcon_core.package_identification:_identify(/home/parallels/ackerman/src) by extensions ['cmake', 'python']
[1.021s] Level 1:colcon.colcon_core.package_identification:_identify(/home/parallels/ackerman/src) by extension 'cmake'
[1.021s] Level 1:colcon.colcon_core.package_identification:_identify(/home/parallels/ackerman/src) by extension 'python'
[1.021s] Level 1:colcon.colcon_core.package_identification:_identify(/home/parallels/ackerman/src) by extensions ['python_setup_py']
[1.021s] Level 1:colcon.colcon_core.package_identification:_identify(/home/parallels/ackerman/src) by extension 'python_setup_py'
[1.021s] Level 1:colcon.colcon_core.package_identification:_identify(/home/parallels/ackerman/src/bridge2ros) by extensions ['ignore', 'ignore_ament_install']
[1.022s] Level 1:colcon.colcon_core.package_identification:_identify(/home/parallels/ackerman/src/bridge2ros) by extension 'ignore'
[1.022s] Level 1:colcon.colcon_core.package_identification:_identify(/home/parallels/ackerman/src/bridge2ros) by extension 'ignore_ament_install'
[1.022s] Level 1:colcon.colcon_core.package_identification:_identify(/home/parallels/ackerman/src/bridge2ros) by extensions ['colcon_pkg']
[1.022s] Level 1:colcon.colcon_core.package_identification:_identify(/home/parallels/ackerman/src/bridge2ros) by extension 'colcon_pkg'
[1.022s] Level 1:colcon.colcon_core.package_identification:_identify(/home/parallels/ackerman/src/bridge2ros) by extensions ['colcon_meta']
[1.022s] Level 1:colcon.colcon_core.package_identification:_identify(/home/parallels/ackerman/src/bridge2ros) by extension 'colcon_meta'
[1.022s] Level 1:colcon.colcon_core.package_identification:_identify(/home/parallels/ackerman/src/bridge2ros) by extensions ['ros']
[1.022s] Level 1:colcon.colcon_core.package_identification:_identify(/home/parallels/ackerman/src/bridge2ros) by extension 'ros'
[1.027s] DEBUG:colcon.colcon_core.package_identification:Package '/home/parallels/ackerman/src/bridge2ros' with type 'ros.ament_python' and name 'bridge2ros'
[1.027s] Level 1:colcon.colcon_core.package_discovery:discover_packages(recursive) using defaults
