[0.546s] Invoking command in '/home/parallels/ackerman/build/bridge2ros': PYTHONPATH=/home/parallels/ackerman/build/bridge2ros/prefix_override:/usr/lib/python3/dist-packages/colcon_core/task/python/colcon_distutils_commands:/home/parallels/ackerman/install/bridge2ros/lib/python3.10/site-packages:${PYTHONPATH} /usr/bin/python3 -W ignore:setup.py install is deprecated setup.py develop --editable --build-directory /home/parallels/ackerman/build/bridge2ros/build --no-deps symlink_data --force
[0.777s] running develop
[0.924s] running egg_info
[0.925s] writing bridge2ros.egg-info/PKG-INFO
[0.925s] writing dependency_links to bridge2ros.egg-info/dependency_links.txt
[0.925s] writing entry points to bridge2ros.egg-info/entry_points.txt
[0.925s] writing requirements to bridge2ros.egg-info/requires.txt
[0.925s] writing top-level names to bridge2ros.egg-info/top_level.txt
[0.926s] reading manifest file 'bridge2ros.egg-info/SOURCES.txt'
[0.927s] writing manifest file 'bridge2ros.egg-info/SOURCES.txt'
[0.928s] running build_ext
[0.928s] Creating /home/parallels/ackerman/install/bridge2ros/lib/python3.10/site-packages/bridge2ros.egg-link (link to .)
[0.929s] Installing shout script to /home/parallels/ackerman/install/bridge2ros/lib/bridge2ros
[0.929s] Installing test script to /home/parallels/ackerman/install/bridge2ros/lib/bridge2ros
[0.929s] 
[0.929s] Installed /home/parallels/ackerman/build/bridge2ros
[0.929s] running symlink_data
[0.929s] symbolically linking /home/parallels/ackerman/build/bridge2ros/resource/bridge2ros -> /home/parallels/ackerman/install/bridge2ros/share/ament_index/resource_index/packages
[0.929s] symbolically linking /home/parallels/ackerman/build/bridge2ros/package.xml -> /home/parallels/ackerman/install/bridge2ros/share/bridge2ros
[0.957s] Invoked command in '/home/parallels/ackerman/build/bridge2ros' returned '0': PYTHONPATH=/home/parallels/ackerman/build/bridge2ros/prefix_override:/usr/lib/python3/dist-packages/colcon_core/task/python/colcon_distutils_commands:/home/parallels/ackerman/install/bridge2ros/lib/python3.10/site-packages:${PYTHONPATH} /usr/bin/python3 -W ignore:setup.py install is deprecated setup.py develop --editable --build-directory /home/parallels/ackerman/build/bridge2ros/build --no-deps symlink_data --force
