[0.543s] Invoking command in '/home/parallels/ackerman/src/bridge2ros': PYTHONPATH=/home/parallels/ackerman/build/bridge2ros/prefix_override:/usr/lib/python3/dist-packages/colcon_core/task/python/colcon_distutils_commands:/home/parallels/ackerman/install/bridge2ros/lib/python3.10/site-packages:${PYTHONPATH} /usr/bin/python3 -W ignore:setup.py install is deprecated setup.py egg_info --egg-base ../../build/bridge2ros build --build-base /home/parallels/ackerman/build/bridge2ros/build install --record /home/parallels/ackerman/build/bridge2ros/install.log --single-version-externally-managed install_data
[0.760s] running egg_info
[0.760s] writing ../../build/bridge2ros/bridge2ros.egg-info/PKG-INFO
[0.761s] writing dependency_links to ../../build/bridge2ros/bridge2ros.egg-info/dependency_links.txt
[0.761s] writing entry points to ../../build/bridge2ros/bridge2ros.egg-info/entry_points.txt
[0.761s] writing requirements to ../../build/bridge2ros/bridge2ros.egg-info/requires.txt
[0.761s] writing top-level names to ../../build/bridge2ros/bridge2ros.egg-info/top_level.txt
[0.762s] reading manifest file '../../build/bridge2ros/bridge2ros.egg-info/SOURCES.txt'
[0.763s] writing manifest file '../../build/bridge2ros/bridge2ros.egg-info/SOURCES.txt'
[0.763s] running build
[0.763s] running build_py
[0.763s] creating /home/parallels/ackerman/build/bridge2ros/build
[0.764s] creating /home/parallels/ackerman/build/bridge2ros/build/lib
[0.764s] creating /home/parallels/ackerman/build/bridge2ros/build/lib/bridge2ros
[0.764s] copying bridge2ros/CBF.py -> /home/parallels/ackerman/build/bridge2ros/build/lib/bridge2ros
[0.764s] copying bridge2ros/test.py -> /home/parallels/ackerman/build/bridge2ros/build/lib/bridge2ros
[0.764s] copying bridge2ros/cbf.py -> /home/parallels/ackerman/build/bridge2ros/build/lib/bridge2ros
[0.764s] copying bridge2ros/shout.py -> /home/parallels/ackerman/build/bridge2ros/build/lib/bridge2ros
[0.764s] copying bridge2ros/__init__.py -> /home/parallels/ackerman/build/bridge2ros/build/lib/bridge2ros
[0.764s] running install
[0.764s] running install_lib
[0.765s] creating /home/parallels/ackerman/install/bridge2ros/lib/python3.10/site-packages/bridge2ros
[0.765s] copying /home/parallels/ackerman/build/bridge2ros/build/lib/bridge2ros/CBF.py -> /home/parallels/ackerman/install/bridge2ros/lib/python3.10/site-packages/bridge2ros
[0.765s] copying /home/parallels/ackerman/build/bridge2ros/build/lib/bridge2ros/test.py -> /home/parallels/ackerman/install/bridge2ros/lib/python3.10/site-packages/bridge2ros
[0.765s] copying /home/parallels/ackerman/build/bridge2ros/build/lib/bridge2ros/cbf.py -> /home/parallels/ackerman/install/bridge2ros/lib/python3.10/site-packages/bridge2ros
[0.765s] copying /home/parallels/ackerman/build/bridge2ros/build/lib/bridge2ros/shout.py -> /home/parallels/ackerman/install/bridge2ros/lib/python3.10/site-packages/bridge2ros
[0.765s] copying /home/parallels/ackerman/build/bridge2ros/build/lib/bridge2ros/__init__.py -> /home/parallels/ackerman/install/bridge2ros/lib/python3.10/site-packages/bridge2ros
[0.765s] byte-compiling /home/parallels/ackerman/install/bridge2ros/lib/python3.10/site-packages/bridge2ros/CBF.py to CBF.cpython-310.pyc
[0.766s] byte-compiling /home/parallels/ackerman/install/bridge2ros/lib/python3.10/site-packages/bridge2ros/test.py to test.cpython-310.pyc
[0.766s] byte-compiling /home/parallels/ackerman/install/bridge2ros/lib/python3.10/site-packages/bridge2ros/cbf.py to cbf.cpython-310.pyc
[0.767s] byte-compiling /home/parallels/ackerman/install/bridge2ros/lib/python3.10/site-packages/bridge2ros/shout.py to shout.cpython-310.pyc
[0.767s] byte-compiling /home/parallels/ackerman/install/bridge2ros/lib/python3.10/site-packages/bridge2ros/__init__.py to __init__.cpython-310.pyc
[0.767s] running install_data
[0.767s] running install_egg_info
[0.769s] removing '/home/parallels/ackerman/install/bridge2ros/lib/python3.10/site-packages/bridge2ros-0.0.0-py3.10.egg-info' (and everything under it)
[0.769s] Copying ../../build/bridge2ros/bridge2ros.egg-info to /home/parallels/ackerman/install/bridge2ros/lib/python3.10/site-packages/bridge2ros-0.0.0-py3.10.egg-info
[0.769s] running install_scripts
[0.785s] Installing shout script to /home/parallels/ackerman/install/bridge2ros/lib/bridge2ros
[0.785s] Installing test script to /home/parallels/ackerman/install/bridge2ros/lib/bridge2ros
[0.786s] writing list of installed files to '/home/parallels/ackerman/build/bridge2ros/install.log'
[0.805s] Invoked command in '/home/parallels/ackerman/src/bridge2ros' returned '0': PYTHONPATH=/home/parallels/ackerman/build/bridge2ros/prefix_override:/usr/lib/python3/dist-packages/colcon_core/task/python/colcon_distutils_commands:/home/parallels/ackerman/install/bridge2ros/lib/python3.10/site-packages:${PYTHONPATH} /usr/bin/python3 -W ignore:setup.py install is deprecated setup.py egg_info --egg-base ../../build/bridge2ros build --build-base /home/parallels/ackerman/build/bridge2ros/build install --record /home/parallels/ackerman/build/bridge2ros/install.log --single-version-externally-managed install_data
