running develop
Removing /home/parallels/ackerman/install/bridge2ros/lib/python3.10/site-packages/bridge2ros.egg-link (link to .)
running egg_info
writing ../../build/bridge2ros/bridge2ros.egg-info/PKG-INFO
writing dependency_links to ../../build/bridge2ros/bridge2ros.egg-info/dependency_links.txt
writing entry points to ../../build/bridge2ros/bridge2ros.egg-info/entry_points.txt
writing requirements to ../../build/bridge2ros/bridge2ros.egg-info/requires.txt
writing top-level names to ../../build/bridge2ros/bridge2ros.egg-info/top_level.txt
reading manifest file '../../build/bridge2ros/bridge2ros.egg-info/SOURCES.txt'
writing manifest file '../../build/bridge2ros/bridge2ros.egg-info/SOURCES.txt'
running build
running build_py
copying bridge2ros/shout.py -> /home/parallels/ackerman/build/bridge2ros/build/lib/bridge2ros
running install
running install_lib
creating /home/parallels/ackerman/install/bridge2ros/lib/python3.10/site-packages/bridge2ros
copying /home/parallels/ackerman/build/bridge2ros/build/lib/bridge2ros/CBF.py -> /home/parallels/ackerman/install/bridge2ros/lib/python3.10/site-packages/bridge2ros
copying /home/parallels/ackerman/build/bridge2ros/build/lib/bridge2ros/test.py -> /home/parallels/ackerman/install/bridge2ros/lib/python3.10/site-packages/bridge2ros
copying /home/parallels/ackerman/build/bridge2ros/build/lib/bridge2ros/cbf.py -> /home/parallels/ackerman/install/bridge2ros/lib/python3.10/site-packages/bridge2ros
copying /home/parallels/ackerman/build/bridge2ros/build/lib/bridge2ros/shout.py -> /home/parallels/ackerman/install/bridge2ros/lib/python3.10/site-packages/bridge2ros
copying /home/parallels/ackerman/build/bridge2ros/build/lib/bridge2ros/__init__.py -> /home/parallels/ackerman/install/bridge2ros/lib/python3.10/site-packages/bridge2ros
byte-compiling /home/parallels/ackerman/install/bridge2ros/lib/python3.10/site-packages/bridge2ros/CBF.py to CBF.cpython-310.pyc
byte-compiling /home/parallels/ackerman/install/bridge2ros/lib/python3.10/site-packages/bridge2ros/test.py to test.cpython-310.pyc
byte-compiling /home/parallels/ackerman/install/bridge2ros/lib/python3.10/site-packages/bridge2ros/cbf.py to cbf.cpython-310.pyc
byte-compiling /home/parallels/ackerman/install/bridge2ros/lib/python3.10/site-packages/bridge2ros/shout.py to shout.cpython-310.pyc
byte-compiling /home/parallels/ackerman/install/bridge2ros/lib/python3.10/site-packages/bridge2ros/__init__.py to __init__.cpython-310.pyc
running install_data
copying launch/bridge_launch.launch.py -> /home/parallels/ackerman/install/bridge2ros/share/bridge2ros/launch
copying resource/bridge2ros -> /home/parallels/ackerman/install/bridge2ros/share/ament_index/resource_index/packages
copying package.xml -> /home/parallels/ackerman/install/bridge2ros/share/bridge2ros
running install_egg_info
Copying ../../build/bridge2ros/bridge2ros.egg-info to /home/parallels/ackerman/install/bridge2ros/lib/python3.10/site-packages/bridge2ros-0.0.0-py3.10.egg-info
running install_scripts
Installing shout script to /home/parallels/ackerman/install/bridge2ros/lib/bridge2ros
Installing test script to /home/parallels/ackerman/install/bridge2ros/lib/bridge2ros
writing list of installed files to '/home/parallels/ackerman/build/bridge2ros/install.log'
