[0.546s] Invoking command in '/home/parallels/ackerman/src/bridge2ros': PYTHONPATH=/home/parallels/ackerman/build/bridge2ros/prefix_override:/usr/lib/python3/dist-packages/colcon_core/task/python/colcon_distutils_commands:/home/parallels/ackerman/install/bridge2ros/lib/python3.10/site-packages:${PYTHONPATH} /usr/bin/python3 -W ignore:setup.py install is deprecated setup.py egg_info --egg-base ../../build/bridge2ros build --build-base /home/parallels/ackerman/build/bridge2ros/build install --record /home/parallels/ackerman/build/bridge2ros/install.log --single-version-externally-managed install_data
[0.760s] running egg_info
[0.760s] creating ../../build/bridge2ros/bridge2ros.egg-info
[0.760s] writing ../../build/bridge2ros/bridge2ros.egg-info/PKG-INFO
[0.761s] writing dependency_links to ../../build/bridge2ros/bridge2ros.egg-info/dependency_links.txt
[0.761s] writing entry points to ../../build/bridge2ros/bridge2ros.egg-info/entry_points.txt
[0.761s] writing requirements to ../../build/bridge2ros/bridge2ros.egg-info/requires.txt
[0.761s] writing top-level names to ../../build/bridge2ros/bridge2ros.egg-info/top_level.txt
[0.761s] writing manifest file '../../build/bridge2ros/bridge2ros.egg-info/SOURCES.txt'
[0.761s] reading manifest file '../../build/bridge2ros/bridge2ros.egg-info/SOURCES.txt'
[0.762s] writing manifest file '../../build/bridge2ros/bridge2ros.egg-info/SOURCES.txt'
[0.762s] running build
[0.762s] running install
[0.762s] running install_data
[0.763s] creating /home/parallels/ackerman/install/bridge2ros/share/ament_index
[0.763s] creating /home/parallels/ackerman/install/bridge2ros/share/ament_index/resource_index
[0.763s] creating /home/parallels/ackerman/install/bridge2ros/share/ament_index/resource_index/packages
[0.763s] copying resource/bridge2ros -> /home/parallels/ackerman/install/bridge2ros/share/ament_index/resource_index/packages
[0.763s] copying package.xml -> /home/parallels/ackerman/install/bridge2ros/share/bridge2ros
[0.763s] running install_egg_info
[0.764s] Copying ../../build/bridge2ros/bridge2ros.egg-info to /home/parallels/ackerman/install/bridge2ros/lib/python3.10/site-packages/bridge2ros-0.0.0-py3.10.egg-info
[0.765s] running install_scripts
[0.781s] Installing shout script to /home/parallels/ackerman/install/bridge2ros/lib/bridge2ros
[0.781s] Installing test script to /home/parallels/ackerman/install/bridge2ros/lib/bridge2ros
[0.781s] writing list of installed files to '/home/parallels/ackerman/build/bridge2ros/install.log'
[0.800s] Invoked command in '/home/parallels/ackerman/src/bridge2ros' returned '0': PYTHONPATH=/home/parallels/ackerman/build/bridge2ros/prefix_override:/usr/lib/python3/dist-packages/colcon_core/task/python/colcon_distutils_commands:/home/parallels/ackerman/install/bridge2ros/lib/python3.10/site-packages:${PYTHONPATH} /usr/bin/python3 -W ignore:setup.py install is deprecated setup.py egg_info --egg-base ../../build/bridge2ros build --build-base /home/parallels/ackerman/build/bridge2ros/build install --record /home/parallels/ackerman/build/bridge2ros/install.log --single-version-externally-managed install_data
